<?xml version="1.0" encoding="UTF-8"?>
<!-- Generated by org.testng.reporters.JUnitReportReporter -->
<testsuite hostname="DESKTOP-VV6NH12" failures="0" tests="2" name="Testcase.TestCase01" time="136.139" errors="0" timestamp="2024-08-31T19:34:13 IST" skipped="0">
  <testcase classname="Testcase.TestCase01" name="Test_In_Chrome" time="87.109"/>
  <system-out/>
  <testcase classname="Testcase.TestCase01" name="Test_In_Firefox1" time="49.030"/>
  <system-out/>
</testsuite> <!-- Testcase.TestCase01 -->
